2025-02-24T00:07:52.349+05:30 DEBUG 23804 --- [Orchestration] [http-nio-8080-exec-3] o.s.web.servlet.DispatcherServlet        : GET "/orchestration/api/search?query=wil", parameters={masked}
2025-02-24T00:07:52.359+05:30 DEBUG 23804 --- [Orchestration] [http-nio-8080-exec-3] s.w.s.m.m.a.RequestMappingHandlerMapping : Mapped to com.orchestration.Controller.PublicController#searchUsers(String)
2025-02-24T00:07:52.359+05:30 DEBUG 23804 --- [Orchestration] [http-nio-8080-exec-3] o.j.s.OpenEntityManagerInViewInterceptor : Opening JPA EntityManager in OpenEntityManagerInViewInterceptor
2025-02-24T00:07:52.360+05:30 DEBUG 23804 --- [Orchestration] [http-nio-8080-exec-3] o.s.orm.jpa.JpaTransactionManager        : Found thread-bound EntityManager [SessionImpl(48054530<open>)] for JPA transaction
2025-02-24T00:07:52.362+05:30 DEBUG 23804 --- [Orchestration] [http-nio-8080-exec-3] o.s.orm.jpa.JpaTransactionManager        : Creating new transaction with name [com.orchestration.Service.UserService.searchUsers]: PROPAGATION_REQUIRED,ISOLATION_DEFAULT
2025-02-24T00:07:52.362+05:30 DEBUG 23804 --- [Orchestration] [http-nio-8080-exec-3] o.s.orm.jpa.JpaTransactionManager        : Exposing JPA transaction as JDBC [org.springframework.orm.jpa.vendor.HibernateJpaDialect$HibernateConnectionHandle@7a9a71f8]
2025-02-24T00:07:52.362+05:30  INFO 23804 --- [Orchestration] [http-nio-8080-exec-3] com.orchestration.Service.UserService    : Executing search for keyword: wil
2025-02-24T00:07:52.373+05:30 DEBUG 23804 --- [Orchestration] [http-nio-8080-exec-3] o.s.orm.jpa.JpaTransactionManager        : Initiating transaction commit
2025-02-24T00:07:52.373+05:30 DEBUG 23804 --- [Orchestration] [http-nio-8080-exec-3] o.s.orm.jpa.JpaTransactionManager        : Committing JPA transaction on EntityManager [SessionImpl(48054530<open>)]
2025-02-24T00:07:52.374+05:30 DEBUG 23804 --- [Orchestration] [http-nio-8080-exec-3] o.s.orm.jpa.JpaTransactionManager        : Not closing pre-bound JPA EntityManager after transaction
2025-02-24T00:07:52.375+05:30 DEBUG 23804 --- [Orchestration] [http-nio-8080-exec-3] o.s.w.s.m.m.a.HttpEntityMethodProcessor  : Using 'application/json', given [*/*] and supported [application/json, application/*+json, application/yaml]
2025-02-24T00:07:52.375+05:30 DEBUG 23804 --- [Orchestration] [http-nio-8080-exec-3] o.s.w.s.m.m.a.HttpEntityMethodProcessor  : Writing [Optional[[User(id=2, firstName=Michael, lastName=Williams, email=michael.williams@x.dummyjson.com, s (truncated)...]
2025-02-24T00:07:52.376+05:30 DEBUG 23804 --- [Orchestration] [http-nio-8080-exec-3] o.j.s.OpenEntityManagerInViewInterceptor : Closing JPA EntityManager in OpenEntityManagerInViewInterceptor
2025-02-24T00:07:52.376+05:30 DEBUG 23804 --- [Orchestration] [http-nio-8080-exec-3] o.s.web.servlet.DispatcherServlet        : Completed 200 OK
2025-02-24T00:07:54.326+05:30 DEBUG 23804 --- [Orchestration] [http-nio-8080-exec-7] o.s.web.servlet.DispatcherServlet        : GET "/orchestration/api/search?query=emo", parameters={masked}
2025-02-24T00:07:54.327+05:30 DEBUG 23804 --- [Orchestration] [http-nio-8080-exec-7] s.w.s.m.m.a.RequestMappingHandlerMapping : Mapped to com.orchestration.Controller.PublicController#searchUsers(String)
2025-02-24T00:07:54.327+05:30 DEBUG 23804 --- [Orchestration] [http-nio-8080-exec-7] o.j.s.OpenEntityManagerInViewInterceptor : Opening JPA EntityManager in OpenEntityManagerInViewInterceptor
2025-02-24T00:07:54.328+05:30 DEBUG 23804 --- [Orchestration] [http-nio-8080-exec-7] o.s.orm.jpa.JpaTransactionManager        : Found thread-bound EntityManager [SessionImpl(79678262<open>)] for JPA transaction
2025-02-24T00:07:54.328+05:30 DEBUG 23804 --- [Orchestration] [http-nio-8080-exec-7] o.s.orm.jpa.JpaTransactionManager        : Creating new transaction with name [com.orchestration.Service.UserService.searchUsers]: PROPAGATION_REQUIRED,ISOLATION_DEFAULT
2025-02-24T00:07:54.329+05:30 DEBUG 23804 --- [Orchestration] [http-nio-8080-exec-7] o.s.orm.jpa.JpaTransactionManager        : Exposing JPA transaction as JDBC [org.springframework.orm.jpa.vendor.HibernateJpaDialect$HibernateConnectionHandle@fddb452]
2025-02-24T00:07:54.329+05:30  INFO 23804 --- [Orchestration] [http-nio-8080-exec-7] com.orchestration.Service.UserService    : Executing search for keyword: emo
2025-02-24T00:07:54.333+05:30 DEBUG 23804 --- [Orchestration] [http-nio-8080-exec-7] o.s.orm.jpa.JpaTransactionManager        : Initiating transaction commit
2025-02-24T00:07:54.334+05:30 DEBUG 23804 --- [Orchestration] [http-nio-8080-exec-7] o.s.orm.jpa.JpaTransactionManager        : Committing JPA transaction on EntityManager [SessionImpl(79678262<open>)]
2025-02-24T00:07:54.335+05:30 DEBUG 23804 --- [Orchestration] [http-nio-8080-exec-7] o.s.orm.jpa.JpaTransactionManager        : Not closing pre-bound JPA EntityManager after transaction
2025-02-24T00:07:54.335+05:30 DEBUG 23804 --- [Orchestration] [http-nio-8080-exec-7] o.s.w.s.m.m.a.HttpEntityMethodProcessor  : Using 'application/json', given [*/*] and supported [application/json, application/*+json, application/yaml]
2025-02-24T00:07:54.336+05:30 DEBUG 23804 --- [Orchestration] [http-nio-8080-exec-7] o.s.w.s.m.m.a.HttpEntityMethodProcessor  : Writing [Optional[[]]]
2025-02-24T00:07:54.336+05:30 DEBUG 23804 --- [Orchestration] [http-nio-8080-exec-7] o.j.s.OpenEntityManagerInViewInterceptor : Closing JPA EntityManager in OpenEntityManagerInViewInterceptor
2025-02-24T00:07:54.337+05:30 DEBUG 23804 --- [Orchestration] [http-nio-8080-exec-7] o.s.web.servlet.DispatcherServlet        : Completed 200 OK
2025-02-24T00:07:55.640+05:30 DEBUG 23804 --- [Orchestration] [http-nio-8080-exec-10] o.s.web.servlet.DispatcherServlet        : GET "/orchestration/api/search?query=emi", parameters={masked}
2025-02-24T00:07:55.641+05:30 DEBUG 23804 --- [Orchestration] [http-nio-8080-exec-10] s.w.s.m.m.a.RequestMappingHandlerMapping : Mapped to com.orchestration.Controller.PublicController#searchUsers(String)
2025-02-24T00:07:55.641+05:30 DEBUG 23804 --- [Orchestration] [http-nio-8080-exec-10] o.j.s.OpenEntityManagerInViewInterceptor : Opening JPA EntityManager in OpenEntityManagerInViewInterceptor
2025-02-24T00:07:55.641+05:30 DEBUG 23804 --- [Orchestration] [http-nio-8080-exec-10] o.s.orm.jpa.JpaTransactionManager        : Found thread-bound EntityManager [SessionImpl(248476276<open>)] for JPA transaction
2025-02-24T00:07:55.643+05:30 DEBUG 23804 --- [Orchestration] [http-nio-8080-exec-10] o.s.orm.jpa.JpaTransactionManager        : Creating new transaction with name [com.orchestration.Service.UserService.searchUsers]: PROPAGATION_REQUIRED,ISOLATION_DEFAULT
2025-02-24T00:07:55.643+05:30 DEBUG 23804 --- [Orchestration] [http-nio-8080-exec-10] o.s.orm.jpa.JpaTransactionManager        : Exposing JPA transaction as JDBC [org.springframework.orm.jpa.vendor.HibernateJpaDialect$HibernateConnectionHandle@2d0b8a1f]
2025-02-24T00:07:55.643+05:30  INFO 23804 --- [Orchestration] [http-nio-8080-exec-10] com.orchestration.Service.UserService    : Executing search for keyword: emi
2025-02-24T00:07:55.650+05:30 DEBUG 23804 --- [Orchestration] [http-nio-8080-exec-10] o.s.orm.jpa.JpaTransactionManager        : Initiating transaction commit
2025-02-24T00:07:55.651+05:30 DEBUG 23804 --- [Orchestration] [http-nio-8080-exec-10] o.s.orm.jpa.JpaTransactionManager        : Committing JPA transaction on EntityManager [SessionImpl(248476276<open>)]
2025-02-24T00:07:55.651+05:30 DEBUG 23804 --- [Orchestration] [http-nio-8080-exec-10] o.s.orm.jpa.JpaTransactionManager        : Not closing pre-bound JPA EntityManager after transaction
2025-02-24T00:07:55.651+05:30 DEBUG 23804 --- [Orchestration] [http-nio-8080-exec-10] o.s.w.s.m.m.a.HttpEntityMethodProcessor  : Using 'application/json', given [*/*] and supported [application/json, application/*+json, application/yaml]
2025-02-24T00:07:55.651+05:30 DEBUG 23804 --- [Orchestration] [http-nio-8080-exec-10] o.s.w.s.m.m.a.HttpEntityMethodProcessor  : Writing [Optional[[User(id=1, firstName=Emily, lastName=Johnson, email=emily.johnson@x.dummyjson.com, ssn=900 (truncated)...]
2025-02-24T00:07:55.653+05:30 DEBUG 23804 --- [Orchestration] [http-nio-8080-exec-10] o.j.s.OpenEntityManagerInViewInterceptor : Closing JPA EntityManager in OpenEntityManagerInViewInterceptor
2025-02-24T00:07:55.654+05:30 DEBUG 23804 --- [Orchestration] [http-nio-8080-exec-10] o.s.web.servlet.DispatcherServlet        : Completed 200 OK
2025-02-24T00:11:47.496+05:30 DEBUG 23804 --- [Orchestration] [http-nio-8080-exec-8] o.s.web.servlet.DispatcherServlet        : GET "/orchestration/api/search?query=emi", parameters={masked}
2025-02-24T00:11:47.496+05:30 DEBUG 23804 --- [Orchestration] [http-nio-8080-exec-8] s.w.s.m.m.a.RequestMappingHandlerMapping : Mapped to com.orchestration.Controller.PublicController#searchUsers(String)
2025-02-24T00:11:47.497+05:30 DEBUG 23804 --- [Orchestration] [http-nio-8080-exec-8] o.j.s.OpenEntityManagerInViewInterceptor : Opening JPA EntityManager in OpenEntityManagerInViewInterceptor
2025-02-24T00:11:47.497+05:30 DEBUG 23804 --- [Orchestration] [http-nio-8080-exec-8] o.s.orm.jpa.JpaTransactionManager        : Found thread-bound EntityManager [SessionImpl(1216075711<open>)] for JPA transaction
2025-02-24T00:11:47.497+05:30 DEBUG 23804 --- [Orchestration] [http-nio-8080-exec-8] o.s.orm.jpa.JpaTransactionManager        : Creating new transaction with name [com.orchestration.Service.UserService.searchUsers]: PROPAGATION_REQUIRED,ISOLATION_DEFAULT
2025-02-24T00:11:47.498+05:30 DEBUG 23804 --- [Orchestration] [http-nio-8080-exec-8] o.s.orm.jpa.JpaTransactionManager        : Exposing JPA transaction as JDBC [org.springframework.orm.jpa.vendor.HibernateJpaDialect$HibernateConnectionHandle@26c75780]
2025-02-24T00:11:47.498+05:30  INFO 23804 --- [Orchestration] [http-nio-8080-exec-8] com.orchestration.Service.UserService    : Executing search for keyword: emi
2025-02-24T00:11:47.504+05:30 DEBUG 23804 --- [Orchestration] [http-nio-8080-exec-8] o.s.orm.jpa.JpaTransactionManager        : Initiating transaction commit
2025-02-24T00:11:47.504+05:30 DEBUG 23804 --- [Orchestration] [http-nio-8080-exec-8] o.s.orm.jpa.JpaTransactionManager        : Committing JPA transaction on EntityManager [SessionImpl(1216075711<open>)]
2025-02-24T00:11:47.504+05:30 DEBUG 23804 --- [Orchestration] [http-nio-8080-exec-8] o.s.orm.jpa.JpaTransactionManager        : Not closing pre-bound JPA EntityManager after transaction
2025-02-24T00:11:47.505+05:30 DEBUG 23804 --- [Orchestration] [http-nio-8080-exec-8] o.s.w.s.m.m.a.HttpEntityMethodProcessor  : Using 'application/json', given [*/*] and supported [application/json, application/*+json, application/yaml]
2025-02-24T00:11:47.505+05:30 DEBUG 23804 --- [Orchestration] [http-nio-8080-exec-8] o.s.w.s.m.m.a.HttpEntityMethodProcessor  : Writing [Optional[[User(id=1, firstName=Emily, lastName=Johnson, email=emily.johnson@x.dummyjson.com, ssn=900 (truncated)...]
2025-02-24T00:11:47.506+05:30 DEBUG 23804 --- [Orchestration] [http-nio-8080-exec-8] o.j.s.OpenEntityManagerInViewInterceptor : Closing JPA EntityManager in OpenEntityManagerInViewInterceptor
2025-02-24T00:11:47.506+05:30 DEBUG 23804 --- [Orchestration] [http-nio-8080-exec-8] o.s.web.servlet.DispatcherServlet        : Completed 200 OK
2025-02-24T00:32:41.290+05:30 DEBUG 23804 --- [Orchestration] [http-nio-8080-exec-4] o.s.web.servlet.DispatcherServlet        : GET "/orchestration/api/search?query=emi", parameters={masked}
2025-02-24T00:32:41.291+05:30 DEBUG 23804 --- [Orchestration] [http-nio-8080-exec-4] s.w.s.m.m.a.RequestMappingHandlerMapping : Mapped to com.orchestration.Controller.PublicController#searchUsers(String)
2025-02-24T00:32:41.292+05:30 DEBUG 23804 --- [Orchestration] [http-nio-8080-exec-4] o.j.s.OpenEntityManagerInViewInterceptor : Opening JPA EntityManager in OpenEntityManagerInViewInterceptor
2025-02-24T00:32:41.293+05:30 DEBUG 23804 --- [Orchestration] [http-nio-8080-exec-4] o.s.orm.jpa.JpaTransactionManager        : Found thread-bound EntityManager [SessionImpl(1101390025<open>)] for JPA transaction
2025-02-24T00:32:41.293+05:30 DEBUG 23804 --- [Orchestration] [http-nio-8080-exec-4] o.s.orm.jpa.JpaTransactionManager        : Creating new transaction with name [com.orchestration.Service.UserService.searchUsers]: PROPAGATION_REQUIRED,ISOLATION_DEFAULT
2025-02-24T00:32:41.293+05:30 DEBUG 23804 --- [Orchestration] [http-nio-8080-exec-4] o.s.orm.jpa.JpaTransactionManager        : Exposing JPA transaction as JDBC [org.springframework.orm.jpa.vendor.HibernateJpaDialect$HibernateConnectionHandle@6b1b45c]
2025-02-24T00:32:41.294+05:30  INFO 23804 --- [Orchestration] [http-nio-8080-exec-4] com.orchestration.Service.UserService    : Executing search for keyword: emi
2025-02-24T00:32:41.301+05:30 DEBUG 23804 --- [Orchestration] [http-nio-8080-exec-4] o.s.orm.jpa.JpaTransactionManager        : Initiating transaction commit
2025-02-24T00:32:41.301+05:30 DEBUG 23804 --- [Orchestration] [http-nio-8080-exec-4] o.s.orm.jpa.JpaTransactionManager        : Committing JPA transaction on EntityManager [SessionImpl(1101390025<open>)]
2025-02-24T00:32:41.301+05:30 DEBUG 23804 --- [Orchestration] [http-nio-8080-exec-4] o.s.orm.jpa.JpaTransactionManager        : Not closing pre-bound JPA EntityManager after transaction
2025-02-24T00:32:41.302+05:30 DEBUG 23804 --- [Orchestration] [http-nio-8080-exec-4] o.s.w.s.m.m.a.HttpEntityMethodProcessor  : Using 'application/json', given [*/*] and supported [application/json, application/*+json, application/yaml]
2025-02-24T00:32:41.302+05:30 DEBUG 23804 --- [Orchestration] [http-nio-8080-exec-4] o.s.w.s.m.m.a.HttpEntityMethodProcessor  : Writing [Optional[[User(id=1, firstName=Emily, lastName=Johnson, email=emily.johnson@x.dummyjson.com, ssn=900 (truncated)...]
2025-02-24T00:32:41.303+05:30 DEBUG 23804 --- [Orchestration] [http-nio-8080-exec-4] o.j.s.OpenEntityManagerInViewInterceptor : Closing JPA EntityManager in OpenEntityManagerInViewInterceptor
2025-02-24T00:32:41.303+05:30 DEBUG 23804 --- [Orchestration] [http-nio-8080-exec-4] o.s.web.servlet.DispatcherServlet        : Completed 200 OK
2025-02-24T00:32:47.463+05:30 DEBUG 23804 --- [Orchestration] [http-nio-8080-exec-6] o.s.web.servlet.DispatcherServlet        : GET "/orchestration/api/search?query=emi", parameters={masked}
2025-02-24T00:32:47.464+05:30 DEBUG 23804 --- [Orchestration] [http-nio-8080-exec-6] s.w.s.m.m.a.RequestMappingHandlerMapping : Mapped to com.orchestration.Controller.PublicController#searchUsers(String)
2025-02-24T00:32:47.464+05:30 DEBUG 23804 --- [Orchestration] [http-nio-8080-exec-6] o.j.s.OpenEntityManagerInViewInterceptor : Opening JPA EntityManager in OpenEntityManagerInViewInterceptor
2025-02-24T00:32:47.465+05:30 DEBUG 23804 --- [Orchestration] [http-nio-8080-exec-6] o.s.orm.jpa.JpaTransactionManager        : Found thread-bound EntityManager [SessionImpl(1232969959<open>)] for JPA transaction
2025-02-24T00:32:47.465+05:30 DEBUG 23804 --- [Orchestration] [http-nio-8080-exec-6] o.s.orm.jpa.JpaTransactionManager        : Creating new transaction with name [com.orchestration.Service.UserService.searchUsers]: PROPAGATION_REQUIRED,ISOLATION_DEFAULT
2025-02-24T00:32:47.465+05:30 DEBUG 23804 --- [Orchestration] [http-nio-8080-exec-6] o.s.orm.jpa.JpaTransactionManager        : Exposing JPA transaction as JDBC [org.springframework.orm.jpa.vendor.HibernateJpaDialect$HibernateConnectionHandle@70e21f3c]
2025-02-24T00:32:47.465+05:30  INFO 23804 --- [Orchestration] [http-nio-8080-exec-6] com.orchestration.Service.UserService    : Executing search for keyword: emi
2025-02-24T00:32:47.472+05:30 DEBUG 23804 --- [Orchestration] [http-nio-8080-exec-6] o.s.orm.jpa.JpaTransactionManager        : Initiating transaction commit
2025-02-24T00:32:47.472+05:30 DEBUG 23804 --- [Orchestration] [http-nio-8080-exec-6] o.s.orm.jpa.JpaTransactionManager        : Committing JPA transaction on EntityManager [SessionImpl(1232969959<open>)]
2025-02-24T00:32:47.473+05:30 DEBUG 23804 --- [Orchestration] [http-nio-8080-exec-6] o.s.orm.jpa.JpaTransactionManager        : Not closing pre-bound JPA EntityManager after transaction
2025-02-24T00:32:47.473+05:30 DEBUG 23804 --- [Orchestration] [http-nio-8080-exec-6] o.s.w.s.m.m.a.HttpEntityMethodProcessor  : Using 'application/json', given [*/*] and supported [application/json, application/*+json, application/yaml]
2025-02-24T00:32:47.473+05:30 DEBUG 23804 --- [Orchestration] [http-nio-8080-exec-6] o.s.w.s.m.m.a.HttpEntityMethodProcessor  : Writing [Optional[[User(id=1, firstName=Emily, lastName=Johnson, email=emily.johnson@x.dummyjson.com, ssn=900 (truncated)...]
2025-02-24T00:32:47.474+05:30 DEBUG 23804 --- [Orchestration] [http-nio-8080-exec-6] o.j.s.OpenEntityManagerInViewInterceptor : Closing JPA EntityManager in OpenEntityManagerInViewInterceptor
2025-02-24T00:32:47.474+05:30 DEBUG 23804 --- [Orchestration] [http-nio-8080-exec-6] o.s.web.servlet.DispatcherServlet        : Completed 200 OK
2025-02-24T00:36:10.833+05:30 DEBUG 23804 --- [Orchestration] [http-nio-8080-exec-5] o.s.web.servlet.DispatcherServlet        : GET "/orchestration/api/search?query=emis", parameters={masked}
2025-02-24T00:36:10.834+05:30 DEBUG 23804 --- [Orchestration] [http-nio-8080-exec-5] s.w.s.m.m.a.RequestMappingHandlerMapping : Mapped to com.orchestration.Controller.PublicController#searchUsers(String)
2025-02-24T00:36:10.834+05:30 DEBUG 23804 --- [Orchestration] [http-nio-8080-exec-5] o.j.s.OpenEntityManagerInViewInterceptor : Opening JPA EntityManager in OpenEntityManagerInViewInterceptor
2025-02-24T00:36:10.835+05:30 DEBUG 23804 --- [Orchestration] [http-nio-8080-exec-5] o.s.orm.jpa.JpaTransactionManager        : Found thread-bound EntityManager [SessionImpl(518534323<open>)] for JPA transaction
2025-02-24T00:36:10.836+05:30 DEBUG 23804 --- [Orchestration] [http-nio-8080-exec-5] o.s.orm.jpa.JpaTransactionManager        : Creating new transaction with name [com.orchestration.Service.UserService.searchUsers]: PROPAGATION_REQUIRED,ISOLATION_DEFAULT
2025-02-24T00:36:10.837+05:30 DEBUG 23804 --- [Orchestration] [http-nio-8080-exec-5] o.s.orm.jpa.JpaTransactionManager        : Exposing JPA transaction as JDBC [org.springframework.orm.jpa.vendor.HibernateJpaDialect$HibernateConnectionHandle@23b808a]
2025-02-24T00:36:10.837+05:30  INFO 23804 --- [Orchestration] [http-nio-8080-exec-5] com.orchestration.Service.UserService    : Executing search for keyword: emis
2025-02-24T00:36:10.839+05:30 DEBUG 23804 --- [Orchestration] [http-nio-8080-exec-5] o.s.orm.jpa.JpaTransactionManager        : Initiating transaction commit
2025-02-24T00:36:10.839+05:30 DEBUG 23804 --- [Orchestration] [http-nio-8080-exec-5] o.s.orm.jpa.JpaTransactionManager        : Committing JPA transaction on EntityManager [SessionImpl(518534323<open>)]
2025-02-24T00:36:10.839+05:30 DEBUG 23804 --- [Orchestration] [http-nio-8080-exec-5] o.s.orm.jpa.JpaTransactionManager        : Not closing pre-bound JPA EntityManager after transaction
2025-02-24T00:36:10.840+05:30 DEBUG 23804 --- [Orchestration] [http-nio-8080-exec-5] o.s.w.s.m.m.a.HttpEntityMethodProcessor  : Using 'application/json', given [*/*] and supported [application/json, application/*+json, application/yaml]
2025-02-24T00:36:10.840+05:30 DEBUG 23804 --- [Orchestration] [http-nio-8080-exec-5] o.s.w.s.m.m.a.HttpEntityMethodProcessor  : Writing [Optional[[]]]
2025-02-24T00:36:10.841+05:30 DEBUG 23804 --- [Orchestration] [http-nio-8080-exec-5] o.j.s.OpenEntityManagerInViewInterceptor : Closing JPA EntityManager in OpenEntityManagerInViewInterceptor
2025-02-24T00:36:10.841+05:30 DEBUG 23804 --- [Orchestration] [http-nio-8080-exec-5] o.s.web.servlet.DispatcherServlet        : Completed 200 OK
2025-02-24T00:36:10.983+05:30 DEBUG 23804 --- [Orchestration] [http-nio-8080-exec-3] o.s.web.servlet.DispatcherServlet        : GET "/orchestration/api/search?query=emisa", parameters={masked}
2025-02-24T00:36:10.983+05:30 DEBUG 23804 --- [Orchestration] [http-nio-8080-exec-3] s.w.s.m.m.a.RequestMappingHandlerMapping : Mapped to com.orchestration.Controller.PublicController#searchUsers(String)
2025-02-24T00:36:10.983+05:30 DEBUG 23804 --- [Orchestration] [http-nio-8080-exec-3] o.j.s.OpenEntityManagerInViewInterceptor : Opening JPA EntityManager in OpenEntityManagerInViewInterceptor
2025-02-24T00:36:10.985+05:30 DEBUG 23804 --- [Orchestration] [http-nio-8080-exec-3] o.s.orm.jpa.JpaTransactionManager        : Found thread-bound EntityManager [SessionImpl(1701229616<open>)] for JPA transaction
2025-02-24T00:36:10.985+05:30 DEBUG 23804 --- [Orchestration] [http-nio-8080-exec-3] o.s.orm.jpa.JpaTransactionManager        : Creating new transaction with name [com.orchestration.Service.UserService.searchUsers]: PROPAGATION_REQUIRED,ISOLATION_DEFAULT
2025-02-24T00:36:10.985+05:30 DEBUG 23804 --- [Orchestration] [http-nio-8080-exec-3] o.s.orm.jpa.JpaTransactionManager        : Exposing JPA transaction as JDBC [org.springframework.orm.jpa.vendor.HibernateJpaDialect$HibernateConnectionHandle@3a05b7a6]
2025-02-24T00:36:10.985+05:30  INFO 23804 --- [Orchestration] [http-nio-8080-exec-3] com.orchestration.Service.UserService    : Executing search for keyword: emisa
2025-02-24T00:36:10.987+05:30 DEBUG 23804 --- [Orchestration] [http-nio-8080-exec-3] o.s.orm.jpa.JpaTransactionManager        : Initiating transaction commit
2025-02-24T00:36:10.987+05:30 DEBUG 23804 --- [Orchestration] [http-nio-8080-exec-3] o.s.orm.jpa.JpaTransactionManager        : Committing JPA transaction on EntityManager [SessionImpl(1701229616<open>)]
2025-02-24T00:36:10.987+05:30 DEBUG 23804 --- [Orchestration] [http-nio-8080-exec-3] o.s.orm.jpa.JpaTransactionManager        : Not closing pre-bound JPA EntityManager after transaction
2025-02-24T00:36:10.987+05:30 DEBUG 23804 --- [Orchestration] [http-nio-8080-exec-3] o.s.w.s.m.m.a.HttpEntityMethodProcessor  : Using 'application/json', given [*/*] and supported [application/json, application/*+json, application/yaml]
2025-02-24T00:36:10.988+05:30 DEBUG 23804 --- [Orchestration] [http-nio-8080-exec-3] o.s.w.s.m.m.a.HttpEntityMethodProcessor  : Writing [Optional[[]]]
2025-02-24T00:36:10.988+05:30 DEBUG 23804 --- [Orchestration] [http-nio-8080-exec-3] o.j.s.OpenEntityManagerInViewInterceptor : Closing JPA EntityManager in OpenEntityManagerInViewInterceptor
2025-02-24T00:36:10.988+05:30 DEBUG 23804 --- [Orchestration] [http-nio-8080-exec-3] o.s.web.servlet.DispatcherServlet        : Completed 200 OK
2025-02-24T00:36:11.048+05:30 DEBUG 23804 --- [Orchestration] [http-nio-8080-exec-7] o.s.web.servlet.DispatcherServlet        : GET "/orchestration/api/search?query=emisad", parameters={masked}
2025-02-24T00:36:11.048+05:30 DEBUG 23804 --- [Orchestration] [http-nio-8080-exec-7] s.w.s.m.m.a.RequestMappingHandlerMapping : Mapped to com.orchestration.Controller.PublicController#searchUsers(String)
2025-02-24T00:36:11.049+05:30 DEBUG 23804 --- [Orchestration] [http-nio-8080-exec-7] o.j.s.OpenEntityManagerInViewInterceptor : Opening JPA EntityManager in OpenEntityManagerInViewInterceptor
2025-02-24T00:36:11.050+05:30 DEBUG 23804 --- [Orchestration] [http-nio-8080-exec-7] o.s.orm.jpa.JpaTransactionManager        : Found thread-bound EntityManager [SessionImpl(660034800<open>)] for JPA transaction
2025-02-24T00:36:11.050+05:30 DEBUG 23804 --- [Orchestration] [http-nio-8080-exec-7] o.s.orm.jpa.JpaTransactionManager        : Creating new transaction with name [com.orchestration.Service.UserService.searchUsers]: PROPAGATION_REQUIRED,ISOLATION_DEFAULT
2025-02-24T00:36:11.052+05:30 DEBUG 23804 --- [Orchestration] [http-nio-8080-exec-7] o.s.orm.jpa.JpaTransactionManager        : Exposing JPA transaction as JDBC [org.springframework.orm.jpa.vendor.HibernateJpaDialect$HibernateConnectionHandle@2e5985b5]
2025-02-24T00:36:11.052+05:30  INFO 23804 --- [Orchestration] [http-nio-8080-exec-7] com.orchestration.Service.UserService    : Executing search for keyword: emisad
2025-02-24T00:36:11.055+05:30 DEBUG 23804 --- [Orchestration] [http-nio-8080-exec-7] o.s.orm.jpa.JpaTransactionManager        : Initiating transaction commit
2025-02-24T00:36:11.055+05:30 DEBUG 23804 --- [Orchestration] [http-nio-8080-exec-7] o.s.orm.jpa.JpaTransactionManager        : Committing JPA transaction on EntityManager [SessionImpl(660034800<open>)]
2025-02-24T00:36:11.055+05:30 DEBUG 23804 --- [Orchestration] [http-nio-8080-exec-7] o.s.orm.jpa.JpaTransactionManager        : Not closing pre-bound JPA EntityManager after transaction
2025-02-24T00:36:11.055+05:30 DEBUG 23804 --- [Orchestration] [http-nio-8080-exec-7] o.s.w.s.m.m.a.HttpEntityMethodProcessor  : Using 'application/json', given [*/*] and supported [application/json, application/*+json, application/yaml]
2025-02-24T00:36:11.056+05:30 DEBUG 23804 --- [Orchestration] [http-nio-8080-exec-7] o.s.w.s.m.m.a.HttpEntityMethodProcessor  : Writing [Optional[[]]]
2025-02-24T00:36:11.056+05:30 DEBUG 23804 --- [Orchestration] [http-nio-8080-exec-7] o.j.s.OpenEntityManagerInViewInterceptor : Closing JPA EntityManager in OpenEntityManagerInViewInterceptor
2025-02-24T00:36:11.057+05:30 DEBUG 23804 --- [Orchestration] [http-nio-8080-exec-7] o.s.web.servlet.DispatcherServlet        : Completed 200 OK
2025-02-24T00:36:11.206+05:30 DEBUG 23804 --- [Orchestration] [http-nio-8080-exec-10] o.s.web.servlet.DispatcherServlet        : GET "/orchestration/api/search?query=emisads", parameters={masked}
2025-02-24T00:36:11.206+05:30 DEBUG 23804 --- [Orchestration] [http-nio-8080-exec-10] s.w.s.m.m.a.RequestMappingHandlerMapping : Mapped to com.orchestration.Controller.PublicController#searchUsers(String)
2025-02-24T00:36:11.207+05:30 DEBUG 23804 --- [Orchestration] [http-nio-8080-exec-10] o.j.s.OpenEntityManagerInViewInterceptor : Opening JPA EntityManager in OpenEntityManagerInViewInterceptor
2025-02-24T00:36:11.209+05:30 DEBUG 23804 --- [Orchestration] [http-nio-8080-exec-10] o.s.orm.jpa.JpaTransactionManager        : Found thread-bound EntityManager [SessionImpl(619877762<open>)] for JPA transaction
2025-02-24T00:36:11.209+05:30 DEBUG 23804 --- [Orchestration] [http-nio-8080-exec-10] o.s.orm.jpa.JpaTransactionManager        : Creating new transaction with name [com.orchestration.Service.UserService.searchUsers]: PROPAGATION_REQUIRED,ISOLATION_DEFAULT
2025-02-24T00:36:11.210+05:30 DEBUG 23804 --- [Orchestration] [http-nio-8080-exec-10] o.s.orm.jpa.JpaTransactionManager        : Exposing JPA transaction as JDBC [org.springframework.orm.jpa.vendor.HibernateJpaDialect$HibernateConnectionHandle@645e1ebd]
2025-02-24T00:36:11.210+05:30  INFO 23804 --- [Orchestration] [http-nio-8080-exec-10] com.orchestration.Service.UserService    : Executing search for keyword: emisads
2025-02-24T00:36:11.212+05:30 DEBUG 23804 --- [Orchestration] [http-nio-8080-exec-10] o.s.orm.jpa.JpaTransactionManager        : Initiating transaction commit
2025-02-24T00:36:11.212+05:30 DEBUG 23804 --- [Orchestration] [http-nio-8080-exec-10] o.s.orm.jpa.JpaTransactionManager        : Committing JPA transaction on EntityManager [SessionImpl(619877762<open>)]
2025-02-24T00:36:11.213+05:30 DEBUG 23804 --- [Orchestration] [http-nio-8080-exec-10] o.s.orm.jpa.JpaTransactionManager        : Not closing pre-bound JPA EntityManager after transaction
2025-02-24T00:36:11.213+05:30 DEBUG 23804 --- [Orchestration] [http-nio-8080-exec-10] o.s.w.s.m.m.a.HttpEntityMethodProcessor  : Using 'application/json', given [*/*] and supported [application/json, application/*+json, application/yaml]
2025-02-24T00:36:11.213+05:30 DEBUG 23804 --- [Orchestration] [http-nio-8080-exec-10] o.s.w.s.m.m.a.HttpEntityMethodProcessor  : Writing [Optional[[]]]
2025-02-24T00:36:11.214+05:30 DEBUG 23804 --- [Orchestration] [http-nio-8080-exec-10] o.j.s.OpenEntityManagerInViewInterceptor : Closing JPA EntityManager in OpenEntityManagerInViewInterceptor
2025-02-24T00:36:11.214+05:30 DEBUG 23804 --- [Orchestration] [http-nio-8080-exec-10] o.s.web.servlet.DispatcherServlet        : Completed 200 OK
2025-02-24T00:36:12.080+05:30 DEBUG 23804 --- [Orchestration] [http-nio-8080-exec-2] o.s.web.servlet.DispatcherServlet        : GET "/orchestration/api/search?query=emisad", parameters={masked}
2025-02-24T00:36:12.081+05:30 DEBUG 23804 --- [Orchestration] [http-nio-8080-exec-2] s.w.s.m.m.a.RequestMappingHandlerMapping : Mapped to com.orchestration.Controller.PublicController#searchUsers(String)
2025-02-24T00:36:12.082+05:30 DEBUG 23804 --- [Orchestration] [http-nio-8080-exec-2] o.j.s.OpenEntityManagerInViewInterceptor : Opening JPA EntityManager in OpenEntityManagerInViewInterceptor
2025-02-24T00:36:12.083+05:30 DEBUG 23804 --- [Orchestration] [http-nio-8080-exec-2] o.s.orm.jpa.JpaTransactionManager        : Found thread-bound EntityManager [SessionImpl(2020431055<open>)] for JPA transaction
2025-02-24T00:36:12.083+05:30 DEBUG 23804 --- [Orchestration] [http-nio-8080-exec-2] o.s.orm.jpa.JpaTransactionManager        : Creating new transaction with name [com.orchestration.Service.UserService.searchUsers]: PROPAGATION_REQUIRED,ISOLATION_DEFAULT
2025-02-24T00:36:12.083+05:30 DEBUG 23804 --- [Orchestration] [http-nio-8080-exec-2] o.s.orm.jpa.JpaTransactionManager        : Exposing JPA transaction as JDBC [org.springframework.orm.jpa.vendor.HibernateJpaDialect$HibernateConnectionHandle@3e1f1128]
2025-02-24T00:36:12.083+05:30  INFO 23804 --- [Orchestration] [http-nio-8080-exec-2] com.orchestration.Service.UserService    : Executing search for keyword: emisad
2025-02-24T00:36:12.085+05:30 DEBUG 23804 --- [Orchestration] [http-nio-8080-exec-2] o.s.orm.jpa.JpaTransactionManager        : Initiating transaction commit
2025-02-24T00:36:12.085+05:30 DEBUG 23804 --- [Orchestration] [http-nio-8080-exec-2] o.s.orm.jpa.JpaTransactionManager        : Committing JPA transaction on EntityManager [SessionImpl(2020431055<open>)]
2025-02-24T00:36:12.085+05:30 DEBUG 23804 --- [Orchestration] [http-nio-8080-exec-2] o.s.orm.jpa.JpaTransactionManager        : Not closing pre-bound JPA EntityManager after transaction
2025-02-24T00:36:12.087+05:30 DEBUG 23804 --- [Orchestration] [http-nio-8080-exec-2] o.s.w.s.m.m.a.HttpEntityMethodProcessor  : Using 'application/json', given [*/*] and supported [application/json, application/*+json, application/yaml]
2025-02-24T00:36:12.087+05:30 DEBUG 23804 --- [Orchestration] [http-nio-8080-exec-2] o.s.w.s.m.m.a.HttpEntityMethodProcessor  : Writing [Optional[[]]]
2025-02-24T00:36:12.088+05:30 DEBUG 23804 --- [Orchestration] [http-nio-8080-exec-2] o.j.s.OpenEntityManagerInViewInterceptor : Closing JPA EntityManager in OpenEntityManagerInViewInterceptor
2025-02-24T00:36:12.088+05:30 DEBUG 23804 --- [Orchestration] [http-nio-8080-exec-2] o.s.web.servlet.DispatcherServlet        : Completed 200 OK
2025-02-24T00:36:12.256+05:30 DEBUG 23804 --- [Orchestration] [http-nio-8080-exec-8] o.s.web.servlet.DispatcherServlet        : GET "/orchestration/api/search?query=emisa", parameters={masked}
2025-02-24T00:36:12.256+05:30 DEBUG 23804 --- [Orchestration] [http-nio-8080-exec-8] s.w.s.m.m.a.RequestMappingHandlerMapping : Mapped to com.orchestration.Controller.PublicController#searchUsers(String)
2025-02-24T00:36:12.257+05:30 DEBUG 23804 --- [Orchestration] [http-nio-8080-exec-8] o.j.s.OpenEntityManagerInViewInterceptor : Opening JPA EntityManager in OpenEntityManagerInViewInterceptor
2025-02-24T00:36:12.257+05:30 DEBUG 23804 --- [Orchestration] [http-nio-8080-exec-8] o.s.orm.jpa.JpaTransactionManager        : Found thread-bound EntityManager [SessionImpl(898639094<open>)] for JPA transaction
2025-02-24T00:36:12.257+05:30 DEBUG 23804 --- [Orchestration] [http-nio-8080-exec-8] o.s.orm.jpa.JpaTransactionManager        : Creating new transaction with name [com.orchestration.Service.UserService.searchUsers]: PROPAGATION_REQUIRED,ISOLATION_DEFAULT
2025-02-24T00:36:12.258+05:30 DEBUG 23804 --- [Orchestration] [http-nio-8080-exec-8] o.s.orm.jpa.JpaTransactionManager        : Exposing JPA transaction as JDBC [org.springframework.orm.jpa.vendor.HibernateJpaDialect$HibernateConnectionHandle@12be35ce]
2025-02-24T00:36:12.258+05:30  INFO 23804 --- [Orchestration] [http-nio-8080-exec-8] com.orchestration.Service.UserService    : Executing search for keyword: emisa
2025-02-24T00:36:12.260+05:30 DEBUG 23804 --- [Orchestration] [http-nio-8080-exec-8] o.s.orm.jpa.JpaTransactionManager        : Initiating transaction commit
2025-02-24T00:36:12.260+05:30 DEBUG 23804 --- [Orchestration] [http-nio-8080-exec-8] o.s.orm.jpa.JpaTransactionManager        : Committing JPA transaction on EntityManager [SessionImpl(898639094<open>)]
2025-02-24T00:36:12.260+05:30 DEBUG 23804 --- [Orchestration] [http-nio-8080-exec-8] o.s.orm.jpa.JpaTransactionManager        : Not closing pre-bound JPA EntityManager after transaction
2025-02-24T00:36:12.261+05:30 DEBUG 23804 --- [Orchestration] [http-nio-8080-exec-8] o.s.w.s.m.m.a.HttpEntityMethodProcessor  : Using 'application/json', given [*/*] and supported [application/json, application/*+json, application/yaml]
2025-02-24T00:36:12.261+05:30 DEBUG 23804 --- [Orchestration] [http-nio-8080-exec-8] o.s.w.s.m.m.a.HttpEntityMethodProcessor  : Writing [Optional[[]]]
2025-02-24T00:36:12.261+05:30 DEBUG 23804 --- [Orchestration] [http-nio-8080-exec-8] o.j.s.OpenEntityManagerInViewInterceptor : Closing JPA EntityManager in OpenEntityManagerInViewInterceptor
2025-02-24T00:36:12.261+05:30 DEBUG 23804 --- [Orchestration] [http-nio-8080-exec-8] o.s.web.servlet.DispatcherServlet        : Completed 200 OK
2025-02-24T00:36:12.415+05:30 DEBUG 23804 --- [Orchestration] [http-nio-8080-exec-1] o.s.web.servlet.DispatcherServlet        : GET "/orchestration/api/search?query=emis", parameters={masked}
2025-02-24T00:36:12.415+05:30 DEBUG 23804 --- [Orchestration] [http-nio-8080-exec-1] s.w.s.m.m.a.RequestMappingHandlerMapping : Mapped to com.orchestration.Controller.PublicController#searchUsers(String)
2025-02-24T00:36:12.416+05:30 DEBUG 23804 --- [Orchestration] [http-nio-8080-exec-1] o.j.s.OpenEntityManagerInViewInterceptor : Opening JPA EntityManager in OpenEntityManagerInViewInterceptor
2025-02-24T00:36:12.416+05:30 DEBUG 23804 --- [Orchestration] [http-nio-8080-exec-1] o.s.orm.jpa.JpaTransactionManager        : Found thread-bound EntityManager [SessionImpl(1436247857<open>)] for JPA transaction
2025-02-24T00:36:12.416+05:30 DEBUG 23804 --- [Orchestration] [http-nio-8080-exec-1] o.s.orm.jpa.JpaTransactionManager        : Creating new transaction with name [com.orchestration.Service.UserService.searchUsers]: PROPAGATION_REQUIRED,ISOLATION_DEFAULT
2025-02-24T00:36:12.417+05:30 DEBUG 23804 --- [Orchestration] [http-nio-8080-exec-1] o.s.orm.jpa.JpaTransactionManager        : Exposing JPA transaction as JDBC [org.springframework.orm.jpa.vendor.HibernateJpaDialect$HibernateConnectionHandle@eec684b]
2025-02-24T00:36:12.417+05:30  INFO 23804 --- [Orchestration] [http-nio-8080-exec-1] com.orchestration.Service.UserService    : Executing search for keyword: emis
2025-02-24T00:36:12.419+05:30 DEBUG 23804 --- [Orchestration] [http-nio-8080-exec-1] o.s.orm.jpa.JpaTransactionManager        : Initiating transaction commit
2025-02-24T00:36:12.419+05:30 DEBUG 23804 --- [Orchestration] [http-nio-8080-exec-1] o.s.orm.jpa.JpaTransactionManager        : Committing JPA transaction on EntityManager [SessionImpl(1436247857<open>)]
2025-02-24T00:36:12.419+05:30 DEBUG 23804 --- [Orchestration] [http-nio-8080-exec-1] o.s.orm.jpa.JpaTransactionManager        : Not closing pre-bound JPA EntityManager after transaction
2025-02-24T00:36:12.419+05:30 DEBUG 23804 --- [Orchestration] [http-nio-8080-exec-1] o.s.w.s.m.m.a.HttpEntityMethodProcessor  : Using 'application/json', given [*/*] and supported [application/json, application/*+json, application/yaml]
2025-02-24T00:36:12.419+05:30 DEBUG 23804 --- [Orchestration] [http-nio-8080-exec-1] o.s.w.s.m.m.a.HttpEntityMethodProcessor  : Writing [Optional[[]]]
2025-02-24T00:36:12.421+05:30 DEBUG 23804 --- [Orchestration] [http-nio-8080-exec-1] o.j.s.OpenEntityManagerInViewInterceptor : Closing JPA EntityManager in OpenEntityManagerInViewInterceptor
2025-02-24T00:36:12.421+05:30 DEBUG 23804 --- [Orchestration] [http-nio-8080-exec-1] o.s.web.servlet.DispatcherServlet        : Completed 200 OK
2025-02-24T00:36:12.569+05:30 DEBUG 23804 --- [Orchestration] [http-nio-8080-exec-4] o.s.web.servlet.DispatcherServlet        : GET "/orchestration/api/search?query=emi", parameters={masked}
2025-02-24T00:36:12.569+05:30 DEBUG 23804 --- [Orchestration] [http-nio-8080-exec-4] s.w.s.m.m.a.RequestMappingHandlerMapping : Mapped to com.orchestration.Controller.PublicController#searchUsers(String)
2025-02-24T00:36:12.569+05:30 DEBUG 23804 --- [Orchestration] [http-nio-8080-exec-4] o.j.s.OpenEntityManagerInViewInterceptor : Opening JPA EntityManager in OpenEntityManagerInViewInterceptor
2025-02-24T00:36:12.571+05:30 DEBUG 23804 --- [Orchestration] [http-nio-8080-exec-4] o.s.orm.jpa.JpaTransactionManager        : Found thread-bound EntityManager [SessionImpl(332248215<open>)] for JPA transaction
2025-02-24T00:36:12.571+05:30 DEBUG 23804 --- [Orchestration] [http-nio-8080-exec-4] o.s.orm.jpa.JpaTransactionManager        : Creating new transaction with name [com.orchestration.Service.UserService.searchUsers]: PROPAGATION_REQUIRED,ISOLATION_DEFAULT
2025-02-24T00:36:12.571+05:30 DEBUG 23804 --- [Orchestration] [http-nio-8080-exec-4] o.s.orm.jpa.JpaTransactionManager        : Exposing JPA transaction as JDBC [org.springframework.orm.jpa.vendor.HibernateJpaDialect$HibernateConnectionHandle@2186fcd]
2025-02-24T00:36:12.571+05:30  INFO 23804 --- [Orchestration] [http-nio-8080-exec-4] com.orchestration.Service.UserService    : Executing search for keyword: emi
2025-02-24T00:36:12.574+05:30 DEBUG 23804 --- [Orchestration] [http-nio-8080-exec-4] o.s.orm.jpa.JpaTransactionManager        : Initiating transaction commit
2025-02-24T00:36:12.574+05:30 DEBUG 23804 --- [Orchestration] [http-nio-8080-exec-4] o.s.orm.jpa.JpaTransactionManager        : Committing JPA transaction on EntityManager [SessionImpl(332248215<open>)]
2025-02-24T00:36:12.575+05:30 DEBUG 23804 --- [Orchestration] [http-nio-8080-exec-4] o.s.orm.jpa.JpaTransactionManager        : Not closing pre-bound JPA EntityManager after transaction
2025-02-24T00:36:12.575+05:30 DEBUG 23804 --- [Orchestration] [http-nio-8080-exec-4] o.s.w.s.m.m.a.HttpEntityMethodProcessor  : Using 'application/json', given [*/*] and supported [application/json, application/*+json, application/yaml]
2025-02-24T00:36:12.575+05:30 DEBUG 23804 --- [Orchestration] [http-nio-8080-exec-4] o.s.w.s.m.m.a.HttpEntityMethodProcessor  : Writing [Optional[[User(id=1, firstName=Emily, lastName=Johnson, email=emily.johnson@x.dummyjson.com, ssn=900 (truncated)...]
2025-02-24T00:36:12.576+05:30 DEBUG 23804 --- [Orchestration] [http-nio-8080-exec-4] o.j.s.OpenEntityManagerInViewInterceptor : Closing JPA EntityManager in OpenEntityManagerInViewInterceptor
2025-02-24T00:36:12.576+05:30 DEBUG 23804 --- [Orchestration] [http-nio-8080-exec-4] o.s.web.servlet.DispatcherServlet        : Completed 200 OK
2025-02-24T00:36:14.527+05:30 DEBUG 23804 --- [Orchestration] [http-nio-8080-exec-6] o.s.web.servlet.DispatcherServlet        : GET "/orchestration/api/search?query=emi", parameters={masked}
2025-02-24T00:36:14.528+05:30 DEBUG 23804 --- [Orchestration] [http-nio-8080-exec-6] s.w.s.m.m.a.RequestMappingHandlerMapping : Mapped to com.orchestration.Controller.PublicController#searchUsers(String)
2025-02-24T00:36:14.528+05:30 DEBUG 23804 --- [Orchestration] [http-nio-8080-exec-6] o.j.s.OpenEntityManagerInViewInterceptor : Opening JPA EntityManager in OpenEntityManagerInViewInterceptor
2025-02-24T00:36:14.531+05:30 DEBUG 23804 --- [Orchestration] [http-nio-8080-exec-6] o.s.orm.jpa.JpaTransactionManager        : Found thread-bound EntityManager [SessionImpl(575855870<open>)] for JPA transaction
2025-02-24T00:36:14.531+05:30 DEBUG 23804 --- [Orchestration] [http-nio-8080-exec-6] o.s.orm.jpa.JpaTransactionManager        : Creating new transaction with name [com.orchestration.Service.UserService.searchUsers]: PROPAGATION_REQUIRED,ISOLATION_DEFAULT
2025-02-24T00:36:14.531+05:30 DEBUG 23804 --- [Orchestration] [http-nio-8080-exec-6] o.s.orm.jpa.JpaTransactionManager        : Exposing JPA transaction as JDBC [org.springframework.orm.jpa.vendor.HibernateJpaDialect$HibernateConnectionHandle@4501e01b]
2025-02-24T00:36:14.531+05:30  INFO 23804 --- [Orchestration] [http-nio-8080-exec-6] com.orchestration.Service.UserService    : Executing search for keyword: emi
2025-02-24T00:36:14.535+05:30 DEBUG 23804 --- [Orchestration] [http-nio-8080-exec-6] o.s.orm.jpa.JpaTransactionManager        : Initiating transaction commit
2025-02-24T00:36:14.535+05:30 DEBUG 23804 --- [Orchestration] [http-nio-8080-exec-6] o.s.orm.jpa.JpaTransactionManager        : Committing JPA transaction on EntityManager [SessionImpl(575855870<open>)]
2025-02-24T00:36:14.535+05:30 DEBUG 23804 --- [Orchestration] [http-nio-8080-exec-6] o.s.orm.jpa.JpaTransactionManager        : Not closing pre-bound JPA EntityManager after transaction
2025-02-24T00:36:14.536+05:30 DEBUG 23804 --- [Orchestration] [http-nio-8080-exec-6] o.s.w.s.m.m.a.HttpEntityMethodProcessor  : Using 'application/json', given [*/*] and supported [application/json, application/*+json, application/yaml]
2025-02-24T00:36:14.536+05:30 DEBUG 23804 --- [Orchestration] [http-nio-8080-exec-6] o.s.w.s.m.m.a.HttpEntityMethodProcessor  : Writing [Optional[[User(id=1, firstName=Emily, lastName=Johnson, email=emily.johnson@x.dummyjson.com, ssn=900 (truncated)...]
2025-02-24T00:36:14.537+05:30 DEBUG 23804 --- [Orchestration] [http-nio-8080-exec-6] o.j.s.OpenEntityManagerInViewInterceptor : Closing JPA EntityManager in OpenEntityManagerInViewInterceptor
2025-02-24T00:36:14.537+05:30 DEBUG 23804 --- [Orchestration] [http-nio-8080-exec-6] o.s.web.servlet.DispatcherServlet        : Completed 200 OK
2025-02-24T00:39:13.288+05:30 DEBUG 23804 --- [Orchestration] [http-nio-8080-exec-5] o.s.web.servlet.DispatcherServlet        : GET "/orchestration/api/search?query=emi", parameters={masked}
2025-02-24T00:39:13.289+05:30 DEBUG 23804 --- [Orchestration] [http-nio-8080-exec-5] s.w.s.m.m.a.RequestMappingHandlerMapping : Mapped to com.orchestration.Controller.PublicController#searchUsers(String)
2025-02-24T00:39:13.289+05:30 DEBUG 23804 --- [Orchestration] [http-nio-8080-exec-5] o.j.s.OpenEntityManagerInViewInterceptor : Opening JPA EntityManager in OpenEntityManagerInViewInterceptor
2025-02-24T00:39:13.290+05:30 DEBUG 23804 --- [Orchestration] [http-nio-8080-exec-5] o.s.orm.jpa.JpaTransactionManager        : Found thread-bound EntityManager [SessionImpl(336828566<open>)] for JPA transaction
2025-02-24T00:39:13.290+05:30 DEBUG 23804 --- [Orchestration] [http-nio-8080-exec-5] o.s.orm.jpa.JpaTransactionManager        : Creating new transaction with name [com.orchestration.Service.UserService.searchUsers]: PROPAGATION_REQUIRED,ISOLATION_DEFAULT
2025-02-24T00:39:13.291+05:30 DEBUG 23804 --- [Orchestration] [http-nio-8080-exec-5] o.s.orm.jpa.JpaTransactionManager        : Exposing JPA transaction as JDBC [org.springframework.orm.jpa.vendor.HibernateJpaDialect$HibernateConnectionHandle@4af2754e]
2025-02-24T00:39:13.291+05:30  INFO 23804 --- [Orchestration] [http-nio-8080-exec-5] com.orchestration.Service.UserService    : Executing search for keyword: emi
2025-02-24T00:39:13.295+05:30 DEBUG 23804 --- [Orchestration] [http-nio-8080-exec-5] o.s.orm.jpa.JpaTransactionManager        : Initiating transaction commit
2025-02-24T00:39:13.296+05:30 DEBUG 23804 --- [Orchestration] [http-nio-8080-exec-5] o.s.orm.jpa.JpaTransactionManager        : Committing JPA transaction on EntityManager [SessionImpl(336828566<open>)]
2025-02-24T00:39:13.296+05:30 DEBUG 23804 --- [Orchestration] [http-nio-8080-exec-5] o.s.orm.jpa.JpaTransactionManager        : Not closing pre-bound JPA EntityManager after transaction
2025-02-24T00:39:13.296+05:30 DEBUG 23804 --- [Orchestration] [http-nio-8080-exec-5] o.s.w.s.m.m.a.HttpEntityMethodProcessor  : Using 'application/json', given [*/*] and supported [application/json, application/*+json, application/yaml]
2025-02-24T00:39:13.296+05:30 DEBUG 23804 --- [Orchestration] [http-nio-8080-exec-5] o.s.w.s.m.m.a.HttpEntityMethodProcessor  : Writing [Optional[[User(id=1, firstName=Emily, lastName=Johnson, email=emily.johnson@x.dummyjson.com, ssn=900 (truncated)...]
2025-02-24T00:39:13.297+05:30 DEBUG 23804 --- [Orchestration] [http-nio-8080-exec-5] o.j.s.OpenEntityManagerInViewInterceptor : Closing JPA EntityManager in OpenEntityManagerInViewInterceptor
2025-02-24T00:39:13.297+05:30 DEBUG 23804 --- [Orchestration] [http-nio-8080-exec-5] o.s.web.servlet.DispatcherServlet        : Completed 200 OK
2025-02-24T00:43:18.931+05:30 DEBUG 23804 --- [Orchestration] [http-nio-8080-exec-7] o.s.web.servlet.DispatcherServlet        : GET "/orchestration/api/search?query=emi", parameters={masked}
2025-02-24T00:43:18.932+05:30 DEBUG 23804 --- [Orchestration] [http-nio-8080-exec-7] s.w.s.m.m.a.RequestMappingHandlerMapping : Mapped to com.orchestration.Controller.PublicController#searchUsers(String)
2025-02-24T00:43:18.932+05:30 DEBUG 23804 --- [Orchestration] [http-nio-8080-exec-7] o.j.s.OpenEntityManagerInViewInterceptor : Opening JPA EntityManager in OpenEntityManagerInViewInterceptor
2025-02-24T00:43:18.933+05:30 DEBUG 23804 --- [Orchestration] [http-nio-8080-exec-7] o.s.orm.jpa.JpaTransactionManager        : Found thread-bound EntityManager [SessionImpl(769908067<open>)] for JPA transaction
2025-02-24T00:43:18.933+05:30 DEBUG 23804 --- [Orchestration] [http-nio-8080-exec-7] o.s.orm.jpa.JpaTransactionManager        : Creating new transaction with name [com.orchestration.Service.UserService.searchUsers]: PROPAGATION_REQUIRED,ISOLATION_DEFAULT
2025-02-24T00:43:18.933+05:30 DEBUG 23804 --- [Orchestration] [http-nio-8080-exec-7] o.s.orm.jpa.JpaTransactionManager        : Exposing JPA transaction as JDBC [org.springframework.orm.jpa.vendor.HibernateJpaDialect$HibernateConnectionHandle@4ff59147]
2025-02-24T00:43:18.933+05:30  INFO 23804 --- [Orchestration] [http-nio-8080-exec-7] com.orchestration.Service.UserService    : Executing search for keyword: emi
2025-02-24T00:43:18.940+05:30 DEBUG 23804 --- [Orchestration] [http-nio-8080-exec-7] o.s.orm.jpa.JpaTransactionManager        : Initiating transaction commit
2025-02-24T00:43:18.940+05:30 DEBUG 23804 --- [Orchestration] [http-nio-8080-exec-7] o.s.orm.jpa.JpaTransactionManager        : Committing JPA transaction on EntityManager [SessionImpl(769908067<open>)]
2025-02-24T00:43:18.940+05:30 DEBUG 23804 --- [Orchestration] [http-nio-8080-exec-7] o.s.orm.jpa.JpaTransactionManager        : Not closing pre-bound JPA EntityManager after transaction
2025-02-24T00:43:18.940+05:30 DEBUG 23804 --- [Orchestration] [http-nio-8080-exec-7] o.s.w.s.m.m.a.HttpEntityMethodProcessor  : Using 'application/json', given [*/*] and supported [application/json, application/*+json, application/yaml]
2025-02-24T00:43:18.941+05:30 DEBUG 23804 --- [Orchestration] [http-nio-8080-exec-7] o.s.w.s.m.m.a.HttpEntityMethodProcessor  : Writing [Optional[[User(id=1, firstName=Emily, lastName=Johnson, email=emily.johnson@x.dummyjson.com, ssn=900 (truncated)...]
2025-02-24T00:43:18.941+05:30 DEBUG 23804 --- [Orchestration] [http-nio-8080-exec-7] o.j.s.OpenEntityManagerInViewInterceptor : Closing JPA EntityManager in OpenEntityManagerInViewInterceptor
2025-02-24T00:43:18.941+05:30 DEBUG 23804 --- [Orchestration] [http-nio-8080-exec-7] o.s.web.servlet.DispatcherServlet        : Completed 200 OK
2025-02-24T00:50:48.794+05:30 DEBUG 23804 --- [Orchestration] [http-nio-8080-exec-2] o.s.web.servlet.DispatcherServlet        : GET "/orchestration/api/search?query=wil", parameters={masked}
2025-02-24T00:50:48.795+05:30 DEBUG 23804 --- [Orchestration] [http-nio-8080-exec-2] s.w.s.m.m.a.RequestMappingHandlerMapping : Mapped to com.orchestration.Controller.PublicController#searchUsers(String)
2025-02-24T00:50:48.795+05:30 DEBUG 23804 --- [Orchestration] [http-nio-8080-exec-2] o.j.s.OpenEntityManagerInViewInterceptor : Opening JPA EntityManager in OpenEntityManagerInViewInterceptor
2025-02-24T00:50:48.796+05:30 DEBUG 23804 --- [Orchestration] [http-nio-8080-exec-2] o.s.orm.jpa.JpaTransactionManager        : Found thread-bound EntityManager [SessionImpl(1825338422<open>)] for JPA transaction
2025-02-24T00:50:48.796+05:30 DEBUG 23804 --- [Orchestration] [http-nio-8080-exec-2] o.s.orm.jpa.JpaTransactionManager        : Creating new transaction with name [com.orchestration.Service.UserService.searchUsers]: PROPAGATION_REQUIRED,ISOLATION_DEFAULT
2025-02-24T00:50:48.796+05:30 DEBUG 23804 --- [Orchestration] [http-nio-8080-exec-2] o.s.orm.jpa.JpaTransactionManager        : Exposing JPA transaction as JDBC [org.springframework.orm.jpa.vendor.HibernateJpaDialect$HibernateConnectionHandle@2a1caed6]
2025-02-24T00:50:48.796+05:30  INFO 23804 --- [Orchestration] [http-nio-8080-exec-2] com.orchestration.Service.UserService    : Executing search for keyword: wil
2025-02-24T00:50:48.802+05:30 DEBUG 23804 --- [Orchestration] [http-nio-8080-exec-2] o.s.orm.jpa.JpaTransactionManager        : Initiating transaction commit
2025-02-24T00:50:48.803+05:30 DEBUG 23804 --- [Orchestration] [http-nio-8080-exec-2] o.s.orm.jpa.JpaTransactionManager        : Committing JPA transaction on EntityManager [SessionImpl(1825338422<open>)]
2025-02-24T00:50:48.803+05:30 DEBUG 23804 --- [Orchestration] [http-nio-8080-exec-2] o.s.orm.jpa.JpaTransactionManager        : Not closing pre-bound JPA EntityManager after transaction
2025-02-24T00:50:48.804+05:30 DEBUG 23804 --- [Orchestration] [http-nio-8080-exec-2] o.s.w.s.m.m.a.HttpEntityMethodProcessor  : Using 'application/json', given [*/*] and supported [application/json, application/*+json, application/yaml]
2025-02-24T00:50:48.804+05:30 DEBUG 23804 --- [Orchestration] [http-nio-8080-exec-2] o.s.w.s.m.m.a.HttpEntityMethodProcessor  : Writing [Optional[[User(id=2, firstName=Michael, lastName=Williams, email=michael.williams@x.dummyjson.com, s (truncated)...]
2025-02-24T00:50:48.806+05:30 DEBUG 23804 --- [Orchestration] [http-nio-8080-exec-2] o.j.s.OpenEntityManagerInViewInterceptor : Closing JPA EntityManager in OpenEntityManagerInViewInterceptor
2025-02-24T00:50:48.806+05:30 DEBUG 23804 --- [Orchestration] [http-nio-8080-exec-2] o.s.web.servlet.DispatcherServlet        : Completed 200 OK
2025-02-24T00:50:58.343+05:30 DEBUG 23804 --- [Orchestration] [http-nio-8080-exec-8] o.s.web.servlet.DispatcherServlet        : GET "/orchestration/api/search?query=will", parameters={masked}
2025-02-24T00:50:58.344+05:30 DEBUG 23804 --- [Orchestration] [http-nio-8080-exec-8] s.w.s.m.m.a.RequestMappingHandlerMapping : Mapped to com.orchestration.Controller.PublicController#searchUsers(String)
2025-02-24T00:50:58.344+05:30 DEBUG 23804 --- [Orchestration] [http-nio-8080-exec-8] o.j.s.OpenEntityManagerInViewInterceptor : Opening JPA EntityManager in OpenEntityManagerInViewInterceptor
2025-02-24T00:50:58.346+05:30 DEBUG 23804 --- [Orchestration] [http-nio-8080-exec-8] o.s.orm.jpa.JpaTransactionManager        : Found thread-bound EntityManager [SessionImpl(1876250481<open>)] for JPA transaction
2025-02-24T00:50:58.346+05:30 DEBUG 23804 --- [Orchestration] [http-nio-8080-exec-8] o.s.orm.jpa.JpaTransactionManager        : Creating new transaction with name [com.orchestration.Service.UserService.searchUsers]: PROPAGATION_REQUIRED,ISOLATION_DEFAULT
2025-02-24T00:50:58.346+05:30 DEBUG 23804 --- [Orchestration] [http-nio-8080-exec-8] o.s.orm.jpa.JpaTransactionManager        : Exposing JPA transaction as JDBC [org.springframework.orm.jpa.vendor.HibernateJpaDialect$HibernateConnectionHandle@ca60700]
2025-02-24T00:50:58.346+05:30  INFO 23804 --- [Orchestration] [http-nio-8080-exec-8] com.orchestration.Service.UserService    : Executing search for keyword: will
2025-02-24T00:50:58.353+05:30 DEBUG 23804 --- [Orchestration] [http-nio-8080-exec-8] o.s.orm.jpa.JpaTransactionManager        : Initiating transaction commit
2025-02-24T00:50:58.353+05:30 DEBUG 23804 --- [Orchestration] [http-nio-8080-exec-8] o.s.orm.jpa.JpaTransactionManager        : Committing JPA transaction on EntityManager [SessionImpl(1876250481<open>)]
2025-02-24T00:50:58.354+05:30 DEBUG 23804 --- [Orchestration] [http-nio-8080-exec-8] o.s.orm.jpa.JpaTransactionManager        : Not closing pre-bound JPA EntityManager after transaction
2025-02-24T00:50:58.354+05:30 DEBUG 23804 --- [Orchestration] [http-nio-8080-exec-8] o.s.w.s.m.m.a.HttpEntityMethodProcessor  : Using 'application/json', given [*/*] and supported [application/json, application/*+json, application/yaml]
2025-02-24T00:50:58.355+05:30 DEBUG 23804 --- [Orchestration] [http-nio-8080-exec-8] o.s.w.s.m.m.a.HttpEntityMethodProcessor  : Writing [Optional[[User(id=2, firstName=Michael, lastName=Williams, email=michael.williams@x.dummyjson.com, s (truncated)...]
2025-02-24T00:50:58.356+05:30 DEBUG 23804 --- [Orchestration] [http-nio-8080-exec-8] o.j.s.OpenEntityManagerInViewInterceptor : Closing JPA EntityManager in OpenEntityManagerInViewInterceptor
2025-02-24T00:50:58.356+05:30 DEBUG 23804 --- [Orchestration] [http-nio-8080-exec-8] o.s.web.servlet.DispatcherServlet        : Completed 200 OK
2025-02-24T00:57:30.510+05:30 DEBUG 23804 --- [Orchestration] [http-nio-8080-exec-4] o.s.web.servlet.DispatcherServlet        : GET "/orchestration/api/search?query=wil", parameters={masked}
2025-02-24T00:57:30.512+05:30 DEBUG 23804 --- [Orchestration] [http-nio-8080-exec-4] s.w.s.m.m.a.RequestMappingHandlerMapping : Mapped to com.orchestration.Controller.PublicController#searchUsers(String)
2025-02-24T00:57:30.512+05:30 DEBUG 23804 --- [Orchestration] [http-nio-8080-exec-4] o.j.s.OpenEntityManagerInViewInterceptor : Opening JPA EntityManager in OpenEntityManagerInViewInterceptor
2025-02-24T00:57:30.513+05:30 DEBUG 23804 --- [Orchestration] [http-nio-8080-exec-4] o.s.orm.jpa.JpaTransactionManager        : Found thread-bound EntityManager [SessionImpl(597260717<open>)] for JPA transaction
2025-02-24T00:57:30.514+05:30 DEBUG 23804 --- [Orchestration] [http-nio-8080-exec-4] o.s.orm.jpa.JpaTransactionManager        : Creating new transaction with name [com.orchestration.Service.UserService.searchUsers]: PROPAGATION_REQUIRED,ISOLATION_DEFAULT
2025-02-24T00:57:30.515+05:30 DEBUG 23804 --- [Orchestration] [http-nio-8080-exec-4] o.s.orm.jpa.JpaTransactionManager        : Exposing JPA transaction as JDBC [org.springframework.orm.jpa.vendor.HibernateJpaDialect$HibernateConnectionHandle@ef19681]
2025-02-24T00:57:30.515+05:30  INFO 23804 --- [Orchestration] [http-nio-8080-exec-4] com.orchestration.Service.UserService    : Executing search for keyword: wil
2025-02-24T00:57:30.521+05:30 DEBUG 23804 --- [Orchestration] [http-nio-8080-exec-4] o.s.orm.jpa.JpaTransactionManager        : Initiating transaction commit
2025-02-24T00:57:30.521+05:30 DEBUG 23804 --- [Orchestration] [http-nio-8080-exec-4] o.s.orm.jpa.JpaTransactionManager        : Committing JPA transaction on EntityManager [SessionImpl(597260717<open>)]
2025-02-24T00:57:30.523+05:30 DEBUG 23804 --- [Orchestration] [http-nio-8080-exec-4] o.s.orm.jpa.JpaTransactionManager        : Not closing pre-bound JPA EntityManager after transaction
2025-02-24T00:57:30.523+05:30 DEBUG 23804 --- [Orchestration] [http-nio-8080-exec-4] o.s.w.s.m.m.a.HttpEntityMethodProcessor  : Using 'application/json', given [*/*] and supported [application/json, application/*+json, application/yaml]
2025-02-24T00:57:30.523+05:30 DEBUG 23804 --- [Orchestration] [http-nio-8080-exec-4] o.s.w.s.m.m.a.HttpEntityMethodProcessor  : Writing [Optional[[User(id=2, firstName=Michael, lastName=Williams, email=michael.williams@x.dummyjson.com, s (truncated)...]
2025-02-24T00:57:30.524+05:30 DEBUG 23804 --- [Orchestration] [http-nio-8080-exec-4] o.j.s.OpenEntityManagerInViewInterceptor : Closing JPA EntityManager in OpenEntityManagerInViewInterceptor
2025-02-24T00:57:30.524+05:30 DEBUG 23804 --- [Orchestration] [http-nio-8080-exec-4] o.s.web.servlet.DispatcherServlet        : Completed 200 OK
2025-02-24T01:00:16.826+05:30 DEBUG 23804 --- [Orchestration] [http-nio-8080-exec-9] o.s.web.servlet.DispatcherServlet        : GET "/orchestration/api/search?query=wil", parameters={masked}
2025-02-24T01:00:16.827+05:30 DEBUG 23804 --- [Orchestration] [http-nio-8080-exec-9] s.w.s.m.m.a.RequestMappingHandlerMapping : Mapped to com.orchestration.Controller.PublicController#searchUsers(String)
2025-02-24T01:00:16.827+05:30 DEBUG 23804 --- [Orchestration] [http-nio-8080-exec-9] o.j.s.OpenEntityManagerInViewInterceptor : Opening JPA EntityManager in OpenEntityManagerInViewInterceptor
2025-02-24T01:00:16.828+05:30 DEBUG 23804 --- [Orchestration] [http-nio-8080-exec-9] o.s.orm.jpa.JpaTransactionManager        : Found thread-bound EntityManager [SessionImpl(1678222456<open>)] for JPA transaction
2025-02-24T01:00:16.828+05:30 DEBUG 23804 --- [Orchestration] [http-nio-8080-exec-9] o.s.orm.jpa.JpaTransactionManager        : Creating new transaction with name [com.orchestration.Service.UserService.searchUsers]: PROPAGATION_REQUIRED,ISOLATION_DEFAULT
2025-02-24T01:00:16.828+05:30 DEBUG 23804 --- [Orchestration] [http-nio-8080-exec-9] o.s.orm.jpa.JpaTransactionManager        : Exposing JPA transaction as JDBC [org.springframework.orm.jpa.vendor.HibernateJpaDialect$HibernateConnectionHandle@3bb6cb4c]
2025-02-24T01:00:16.828+05:30  INFO 23804 --- [Orchestration] [http-nio-8080-exec-9] com.orchestration.Service.UserService    : Executing search for keyword: wil
2025-02-24T01:00:16.833+05:30 DEBUG 23804 --- [Orchestration] [http-nio-8080-exec-9] o.s.orm.jpa.JpaTransactionManager        : Initiating transaction commit
2025-02-24T01:00:16.833+05:30 DEBUG 23804 --- [Orchestration] [http-nio-8080-exec-9] o.s.orm.jpa.JpaTransactionManager        : Committing JPA transaction on EntityManager [SessionImpl(1678222456<open>)]
2025-02-24T01:00:16.834+05:30 DEBUG 23804 --- [Orchestration] [http-nio-8080-exec-9] o.s.orm.jpa.JpaTransactionManager        : Not closing pre-bound JPA EntityManager after transaction
2025-02-24T01:00:16.834+05:30 DEBUG 23804 --- [Orchestration] [http-nio-8080-exec-9] o.s.w.s.m.m.a.HttpEntityMethodProcessor  : Using 'application/json', given [*/*] and supported [application/json, application/*+json, application/yaml]
2025-02-24T01:00:16.834+05:30 DEBUG 23804 --- [Orchestration] [http-nio-8080-exec-9] o.s.w.s.m.m.a.HttpEntityMethodProcessor  : Writing [Optional[[User(id=2, firstName=Michael, lastName=Williams, email=michael.williams@x.dummyjson.com, s (truncated)...]
2025-02-24T01:00:16.835+05:30 DEBUG 23804 --- [Orchestration] [http-nio-8080-exec-9] o.j.s.OpenEntityManagerInViewInterceptor : Closing JPA EntityManager in OpenEntityManagerInViewInterceptor
2025-02-24T01:00:16.835+05:30 DEBUG 23804 --- [Orchestration] [http-nio-8080-exec-9] o.s.web.servlet.DispatcherServlet        : Completed 200 OK
2025-02-24T01:04:23.428+05:30 DEBUG 23804 --- [Orchestration] [http-nio-8080-exec-3] o.s.web.servlet.DispatcherServlet        : GET "/orchestration/api/search?query=wilw", parameters={masked}
2025-02-24T01:04:23.430+05:30 DEBUG 23804 --- [Orchestration] [http-nio-8080-exec-3] s.w.s.m.m.a.RequestMappingHandlerMapping : Mapped to com.orchestration.Controller.PublicController#searchUsers(String)
2025-02-24T01:04:23.430+05:30 DEBUG 23804 --- [Orchestration] [http-nio-8080-exec-3] o.j.s.OpenEntityManagerInViewInterceptor : Opening JPA EntityManager in OpenEntityManagerInViewInterceptor
2025-02-24T01:04:23.431+05:30 DEBUG 23804 --- [Orchestration] [http-nio-8080-exec-3] o.s.orm.jpa.JpaTransactionManager        : Found thread-bound EntityManager [SessionImpl(1535004021<open>)] for JPA transaction
2025-02-24T01:04:23.431+05:30 DEBUG 23804 --- [Orchestration] [http-nio-8080-exec-3] o.s.orm.jpa.JpaTransactionManager        : Creating new transaction with name [com.orchestration.Service.UserService.searchUsers]: PROPAGATION_REQUIRED,ISOLATION_DEFAULT
2025-02-24T01:04:23.431+05:30 DEBUG 23804 --- [Orchestration] [http-nio-8080-exec-3] o.s.orm.jpa.JpaTransactionManager        : Exposing JPA transaction as JDBC [org.springframework.orm.jpa.vendor.HibernateJpaDialect$HibernateConnectionHandle@4cd1693b]
2025-02-24T01:04:23.431+05:30  INFO 23804 --- [Orchestration] [http-nio-8080-exec-3] com.orchestration.Service.UserService    : Executing search for keyword: wilw
2025-02-24T01:04:23.434+05:30 DEBUG 23804 --- [Orchestration] [http-nio-8080-exec-3] o.s.orm.jpa.JpaTransactionManager        : Initiating transaction commit
2025-02-24T01:04:23.434+05:30 DEBUG 23804 --- [Orchestration] [http-nio-8080-exec-3] o.s.orm.jpa.JpaTransactionManager        : Committing JPA transaction on EntityManager [SessionImpl(1535004021<open>)]
2025-02-24T01:04:23.434+05:30 DEBUG 23804 --- [Orchestration] [http-nio-8080-exec-3] o.s.orm.jpa.JpaTransactionManager        : Not closing pre-bound JPA EntityManager after transaction
2025-02-24T01:04:23.434+05:30 DEBUG 23804 --- [Orchestration] [http-nio-8080-exec-3] o.s.w.s.m.m.a.HttpEntityMethodProcessor  : Using 'application/json', given [*/*] and supported [application/json, application/*+json, application/yaml]
2025-02-24T01:04:23.434+05:30 DEBUG 23804 --- [Orchestration] [http-nio-8080-exec-3] o.s.w.s.m.m.a.HttpEntityMethodProcessor  : Writing [Optional[[]]]
2025-02-24T01:04:23.435+05:30 DEBUG 23804 --- [Orchestration] [http-nio-8080-exec-3] o.j.s.OpenEntityManagerInViewInterceptor : Closing JPA EntityManager in OpenEntityManagerInViewInterceptor
2025-02-24T01:04:23.435+05:30 DEBUG 23804 --- [Orchestration] [http-nio-8080-exec-3] o.s.web.servlet.DispatcherServlet        : Completed 200 OK
2025-02-24T01:04:29.611+05:30 DEBUG 23804 --- [Orchestration] [http-nio-8080-exec-7] o.s.web.servlet.DispatcherServlet        : GET "/orchestration/api/search?query=wil", parameters={masked}
2025-02-24T01:04:29.611+05:30 DEBUG 23804 --- [Orchestration] [http-nio-8080-exec-7] s.w.s.m.m.a.RequestMappingHandlerMapping : Mapped to com.orchestration.Controller.PublicController#searchUsers(String)
2025-02-24T01:04:29.612+05:30 DEBUG 23804 --- [Orchestration] [http-nio-8080-exec-7] o.j.s.OpenEntityManagerInViewInterceptor : Opening JPA EntityManager in OpenEntityManagerInViewInterceptor
2025-02-24T01:04:29.612+05:30 DEBUG 23804 --- [Orchestration] [http-nio-8080-exec-7] o.s.orm.jpa.JpaTransactionManager        : Found thread-bound EntityManager [SessionImpl(1390540768<open>)] for JPA transaction
2025-02-24T01:04:29.612+05:30 DEBUG 23804 --- [Orchestration] [http-nio-8080-exec-7] o.s.orm.jpa.JpaTransactionManager        : Creating new transaction with name [com.orchestration.Service.UserService.searchUsers]: PROPAGATION_REQUIRED,ISOLATION_DEFAULT
2025-02-24T01:04:29.614+05:30 DEBUG 23804 --- [Orchestration] [http-nio-8080-exec-7] o.s.orm.jpa.JpaTransactionManager        : Exposing JPA transaction as JDBC [org.springframework.orm.jpa.vendor.HibernateJpaDialect$HibernateConnectionHandle@2cec4feb]
2025-02-24T01:04:29.614+05:30  INFO 23804 --- [Orchestration] [http-nio-8080-exec-7] com.orchestration.Service.UserService    : Executing search for keyword: wil
2025-02-24T01:04:29.620+05:30 DEBUG 23804 --- [Orchestration] [http-nio-8080-exec-7] o.s.orm.jpa.JpaTransactionManager        : Initiating transaction commit
2025-02-24T01:04:29.620+05:30 DEBUG 23804 --- [Orchestration] [http-nio-8080-exec-7] o.s.orm.jpa.JpaTransactionManager        : Committing JPA transaction on EntityManager [SessionImpl(1390540768<open>)]
2025-02-24T01:04:29.620+05:30 DEBUG 23804 --- [Orchestration] [http-nio-8080-exec-7] o.s.orm.jpa.JpaTransactionManager        : Not closing pre-bound JPA EntityManager after transaction
2025-02-24T01:04:29.621+05:30 DEBUG 23804 --- [Orchestration] [http-nio-8080-exec-7] o.s.w.s.m.m.a.HttpEntityMethodProcessor  : Using 'application/json', given [*/*] and supported [application/json, application/*+json, application/yaml]
2025-02-24T01:04:29.621+05:30 DEBUG 23804 --- [Orchestration] [http-nio-8080-exec-7] o.s.w.s.m.m.a.HttpEntityMethodProcessor  : Writing [Optional[[User(id=2, firstName=Michael, lastName=Williams, email=michael.williams@x.dummyjson.com, s (truncated)...]
2025-02-24T01:04:29.622+05:30 DEBUG 23804 --- [Orchestration] [http-nio-8080-exec-7] o.j.s.OpenEntityManagerInViewInterceptor : Closing JPA EntityManager in OpenEntityManagerInViewInterceptor
2025-02-24T01:04:29.622+05:30 DEBUG 23804 --- [Orchestration] [http-nio-8080-exec-7] o.s.web.servlet.DispatcherServlet        : Completed 200 OK
2025-02-24T01:11:27.529+05:30 DEBUG 23804 --- [Orchestration] [SpringApplicationShutdownHook] o.s.b.a.ApplicationAvailabilityBean      : Application availability state ReadinessState changed from ACCEPTING_TRAFFIC to REFUSING_TRAFFIC
2025-02-24T01:11:27.530+05:30 DEBUG 23804 --- [Orchestration] [SpringApplicationShutdownHook] ConfigServletWebServerApplicationContext : Closing org.springframework.boot.web.servlet.context.AnnotationConfigServletWebServerApplicationContext@c7ba306, started on Sun Feb 23 23:02:34 IST 2025
2025-02-24T01:11:27.539+05:30 DEBUG 23804 --- [Orchestration] [SpringApplicationShutdownHook] o.s.c.support.DefaultLifecycleProcessor  : Stopping beans in phase 2147482623
2025-02-24T01:11:27.544+05:30  INFO 23804 --- [Orchestration] [SpringApplicationShutdownHook] o.s.b.w.e.tomcat.GracefulShutdown        : Commencing graceful shutdown. Waiting for active requests to complete
2025-02-24T01:11:27.562+05:30  INFO 23804 --- [Orchestration] [tomcat-shutdown] o.s.b.w.e.tomcat.GracefulShutdown        : Graceful shutdown complete
2025-02-24T01:11:27.562+05:30 DEBUG 23804 --- [Orchestration] [SpringApplicationShutdownHook] o.s.c.support.DefaultLifecycleProcessor  : Stopping beans in phase 2147481599
2025-02-24T01:11:27.562+05:30 DEBUG 23804 --- [Orchestration] [tomcat-shutdown] o.s.c.support.DefaultLifecycleProcessor  : Bean 'webServerGracefulShutdown' completed its stop procedure
2025-02-24T01:11:27.566+05:30 DEBUG 23804 --- [Orchestration] [SpringApplicationShutdownHook] o.s.c.support.DefaultLifecycleProcessor  : Bean 'webServerStartStop' completed its stop procedure
2025-02-24T01:11:27.566+05:30 DEBUG 23804 --- [Orchestration] [SpringApplicationShutdownHook] o.s.c.support.DefaultLifecycleProcessor  : Stopping beans in phase 1073741823
2025-02-24T01:11:27.566+05:30 DEBUG 23804 --- [Orchestration] [SpringApplicationShutdownHook] o.s.c.support.DefaultLifecycleProcessor  : Bean 'applicationTaskExecutor' completed its stop procedure
2025-02-24T01:11:27.566+05:30 DEBUG 23804 --- [Orchestration] [SpringApplicationShutdownHook] o.s.c.support.DefaultLifecycleProcessor  : Stopping beans in phase -2147483647
2025-02-24T01:11:27.567+05:30 DEBUG 23804 --- [Orchestration] [SpringApplicationShutdownHook] o.s.c.support.DefaultLifecycleProcessor  : Bean 'springBootLoggingLifecycle' completed its stop procedure
2025-02-24T01:11:27.568+05:30 DEBUG 23804 --- [Orchestration] [SpringApplicationShutdownHook] o.s.s.concurrent.ThreadPoolTaskExecutor  : Shutting down ExecutorService 'applicationTaskExecutor'
2025-02-24T01:11:27.569+05:30  INFO 23804 --- [Orchestration] [SpringApplicationShutdownHook] j.LocalContainerEntityManagerFactoryBean : Closing JPA EntityManagerFactory for persistence unit 'default'
2025-02-24T01:11:27.617+05:30  INFO 23804 --- [Orchestration] [SpringApplicationShutdownHook] com.zaxxer.hikari.HikariDataSource       : HikariPool-1 - Shutdown initiated...
2025-02-24T01:11:27.620+05:30  INFO 23804 --- [Orchestration] [SpringApplicationShutdownHook] com.zaxxer.hikari.HikariDataSource       : HikariPool-1 - Shutdown completed.
